<?xml version="1.0" encoding="UTF-8"?>
<coverage generated="1787983075825" clover="3.2.0">
  <project timestamp="1787983075825" name="All files">
    <metrics statements="7" coveredstatements="7" conditionals="3" coveredconditionals="3" methods="7" coveredmethods="7" elements="17" coveredelements="17" complexity="0" loc="7" ncloc="7" packages="1" files="2" classes="2"/>
    <file name="arbitraries.ts" path="/home/david/control-gastos/sereno/src/test/arbitraries.ts">
      <metrics statements="3" coveredstatements="3" conditionals="0" coveredconditionals="0" methods="1" coveredmethods="1"/>
      <line num="7" count="1" type="stmt"/>
      <line num="10" count="1" type="stmt"/>
      <line num="13" count="200" type="stmt"/>
    </file>
    <file name="factory.ts" path="/home/david/control-gastos/sereno/src/test/factory.ts">
      <metrics statements="4" coveredstatements="4" conditionals="3" coveredconditionals="3" methods="6" coveredmethods="6"/>
      <line num="18" count="13" type="cond" truecount="1" falsecount="0"/>
      <line num="20" count="3" type="stmt"/>
      <line num="23" count="6" type="cond" truecount="2" falsecount="0"/>
      <line num="24" count="2" type="stmt"/>
    </file>
  </project>
</coverage>
