<?xml version="1.0" encoding="UTF-8"?>
<coverage generated="1787983594680" clover="3.2.0">
  <project timestamp="1787983594681" name="All files">
    <metrics statements="56" coveredstatements="53" conditionals="39" coveredconditionals="35" methods="28" coveredmethods="27" elements="123" coveredelements="115" complexity="0" loc="56" ncloc="56" packages="5" files="8" classes="8"/>
    <package name="domain.observability">
      <metrics statements="27" coveredstatements="27" conditionals="26" coveredconditionals="24" methods="10" coveredmethods="10"/>
      <file name="port.ts" path="/home/david/control-gastos/sereno/src/domain/observability/port.ts">
        <metrics statements="5" coveredstatements="5" conditionals="2" coveredconditionals="2" methods="3" coveredmethods="3"/>
        <line num="31" count="6" type="stmt"/>
        <line num="33" count="6" type="stmt"/>
        <line num="34" count="7" type="stmt"/>
        <line num="41" count="6" type="stmt"/>
        <line num="45" count="2" type="stmt"/>
      </file>
      <file name="redact.ts" path="/home/david/control-gastos/sereno/src/domain/observability/redact.ts">
        <metrics statements="22" coveredstatements="22" conditionals="24" coveredconditionals="22" methods="7" coveredmethods="7"/>
        <line num="1" count="3" type="stmt"/>
        <line num="3" count="3" type="stmt"/>
        <line num="11" count="3" type="stmt"/>
        <line num="37" count="3" type="stmt"/>
        <line num="44" count="865" type="stmt"/>
        <line num="48" count="81" type="stmt"/>
        <line num="52" count="80" type="cond" truecount="4" falsecount="0"/>
        <line num="53" count="77" type="cond" truecount="2" falsecount="0"/>
        <line num="55" count="76" type="cond" truecount="2" falsecount="0"/>
        <line num="56" count="53" type="cond" truecount="4" falsecount="0"/>
        <line num="58" count="51" type="cond" truecount="2" falsecount="0"/>
        <line num="59" count="2" type="stmt"/>
        <line num="66" count="49" type="cond" truecount="1" falsecount="1"/>
        <line num="67" count="49" type="cond" truecount="2" falsecount="0"/>
        <line num="68" count="48" type="stmt"/>
        <line num="70" count="48" type="cond" truecount="2" falsecount="0"/>
        <line num="71" count="2" type="stmt"/>
        <line num="74" count="47" type="stmt"/>
        <line num="75" count="47" type="stmt"/>
        <line num="76" count="55" type="cond" truecount="2" falsecount="0"/>
        <line num="78" count="47" type="stmt"/>
        <line num="88" count="51" type="stmt"/>
      </file>
    </package>
    <package name="infrastructure.observability">
      <metrics statements="15" coveredstatements="12" conditionals="6" coveredconditionals="5" methods="8" coveredmethods="7"/>
      <file name="console-logger.ts" path="/home/david/control-gastos/sereno/src/infrastructure/observability/console-logger.ts">
        <metrics statements="14" coveredstatements="12" conditionals="6" coveredconditionals="5" methods="8" coveredmethods="7"/>
        <line num="14" count="4" type="cond" truecount="3" falsecount="1"/>
        <line num="16" count="0" type="stmt"/>
        <line num="17" count="0" type="stmt"/>
        <line num="20" count="2" type="stmt"/>
        <line num="21" count="2" type="stmt"/>
        <line num="24" count="1" type="stmt"/>
        <line num="25" count="1" type="stmt"/>
        <line num="28" count="1" type="stmt"/>
        <line num="29" count="1" type="stmt"/>
        <line num="42" count="4" type="stmt"/>
        <line num="43" count="4" type="cond" truecount="2" falsecount="0"/>
        <line num="44" count="4" type="stmt"/>
        <line num="47" count="4" type="stmt"/>
        <line num="51" count="1" type="stmt"/>
      </file>
      <file name="index.ts" path="/home/david/control-gastos/sereno/src/infrastructure/observability/index.ts">
        <metrics statements="1" coveredstatements="0" conditionals="0" coveredconditionals="0" methods="0" coveredmethods="0"/>
        <line num="10" count="0" type="stmt"/>
      </file>
    </package>
    <package name="test">
      <metrics statements="7" coveredstatements="7" conditionals="3" coveredconditionals="3" methods="7" coveredmethods="7"/>
      <file name="arbitraries.ts" path="/home/david/control-gastos/sereno/src/test/arbitraries.ts">
        <metrics statements="3" coveredstatements="3" conditionals="0" coveredconditionals="0" methods="1" coveredmethods="1"/>
        <line num="7" count="1" type="stmt"/>
        <line num="10" count="1" type="stmt"/>
        <line num="13" count="200" type="stmt"/>
      </file>
      <file name="factory.ts" path="/home/david/control-gastos/sereno/src/test/factory.ts">
        <metrics statements="4" coveredstatements="4" conditionals="3" coveredconditionals="3" methods="6" coveredmethods="6"/>
        <line num="18" count="13" type="cond" truecount="1" falsecount="0"/>
        <line num="20" count="3" type="stmt"/>
        <line num="23" count="6" type="cond" truecount="2" falsecount="0"/>
        <line num="24" count="2" type="stmt"/>
      </file>
    </package>
    <package name="ui">
      <metrics statements="7" coveredstatements="7" conditionals="4" coveredconditionals="3" methods="3" coveredmethods="3"/>
      <file name="error-boundary.tsx" path="/home/david/control-gastos/sereno/src/ui/error-boundary.tsx">
        <metrics statements="7" coveredstatements="7" conditionals="4" coveredconditionals="3" methods="3" coveredmethods="3"/>
        <line num="27" count="9" type="stmt"/>
        <line num="30" count="8" type="stmt"/>
        <line num="34" count="4" type="cond" truecount="1" falsecount="1"/>
        <line num="38" count="17" type="cond" truecount="2" falsecount="0"/>
        <line num="39" count="8" type="stmt"/>
        <line num="48" count="9" type="stmt"/>
        <line num="52" count="1" type="stmt"/>
      </file>
    </package>
    <package name="ui.hooks">
      <metrics statements="0" coveredstatements="0" conditionals="0" coveredconditionals="0" methods="0" coveredmethods="0"/>
      <file name="use-color-scheme.ts" path="/home/david/control-gastos/sereno/src/ui/hooks/use-color-scheme.ts">
        <metrics statements="0" coveredstatements="0" conditionals="0" coveredconditionals="0" methods="0" coveredmethods="0"/>
      </file>
    </package>
  </project>
</coverage>
