{"/home/david/control-gastos/sereno/src/domain/observability/port.ts": {"path":"/home/david/control-gastos/sereno/src/domain/observability/port.ts","statementMap":{"0":{"start":{"line":31,"column":30},"end":{"line":31,"column":32}},"1":{"start":{"line":33,"column":15},"end":{"line":39,"column":3}},"2":{"start":{"line":34,"column":4},"end":{"line":38,"column":7}},"3":{"start":{"line":41,"column":2},"end":{"line":47,"column":4}},"4":{"start":{"line":45,"column":6},"end":{"line":45,"column":44}}},"fnMap":{"0":{"name":"createMemoryObservability","decl":{"start":{"line":30,"column":16},"end":{"line":30,"column":41}},"loc":{"start":{"line":30,"column":65},"end":{"line":48,"column":1}},"line":30},"1":{"name":"(anonymous_1)","decl":{"start":{"line":33,"column":15},"end":{"line":33,"column":16}},"loc":{"start":{"line":33,"column":78},"end":{"line":39,"column":3}},"line":33},"2":{"name":"(anonymous_2)","decl":{"start":{"line":44,"column":18},"end":{"line":44,"column":19}},"loc":{"start":{"line":44,"column":38},"end":{"line":46,"column":5}},"line":44}},"branchMap":{"0":{"loc":{"start":{"line":37,"column":15},"end":{"line":37,"column":66}},"type":"cond-expr","locations":[{"start":{"line":37,"column":39},"end":{"line":37,"column":48}},{"start":{"line":37,"column":51},"end":{"line":37,"column":66}}],"line":37}},"s":{"0":6,"1":6,"2":7,"3":6,"4":2},"f":{"0":6,"1":7,"2":2},"b":{"0":[5,2]},"_coverageSchema":"1a1c01bbd47fc00a2c39e90264f33305004495a9","hash":"b50fa15e7bde882594f9b7acc675e8e1591fabab"}
,"/home/david/control-gastos/sereno/src/domain/observability/redact.ts": {"path":"/home/david/control-gastos/sereno/src/domain/observability/redact.ts","statementMap":{"0":{"start":{"line":1,"column":24},"end":{"line":1,"column":37}},"1":{"start":{"line":3,"column":18},"end":{"line":3,"column":20}},"2":{"start":{"line":11,"column":42},"end":{"line":34,"column":1}},"3":{"start":{"line":37,"column":52},"end":{"line":41,"column":1}},"4":{"start":{"line":44,"column":2},"end":{"line":44,"column":61}},"5":{"start":{"line":44,"column":42},"end":{"line":44,"column":59}},"6":{"start":{"line":48,"column":2},"end":{"line":48,"column":98}},"7":{"start":{"line":48,"column":59},"end":{"line":48,"column":89}},"8":{"start":{"line":52,"column":2},"end":{"line":52,"column":58}},"9":{"start":{"line":52,"column":45},"end":{"line":52,"column":58}},"10":{"start":{"line":53,"column":2},"end":{"line":53,"column":41}},"11":{"start":{"line":53,"column":25},"end":{"line":53,"column":41}},"12":{"start":{"line":55,"column":2},"end":{"line":55,"column":60}},"13":{"start":{"line":55,"column":33},"end":{"line":55,"column":60}},"14":{"start":{"line":56,"column":2},"end":{"line":56,"column":76}},"15":{"start":{"line":56,"column":63},"end":{"line":56,"column":76}},"16":{"start":{"line":58,"column":2},"end":{"line":64,"column":3}},"17":{"start":{"line":59,"column":4},"end":{"line":63,"column":6}},"18":{"start":{"line":66,"column":2},"end":{"line":66,"column":49}},"19":{"start":{"line":66,"column":33},"end":{"line":66,"column":49}},"20":{"start":{"line":67,"column":2},"end":{"line":67,"column":39}},"21":{"start":{"line":67,"column":23},"end":{"line":67,"column":39}},"22":{"start":{"line":68,"column":2},"end":{"line":68,"column":18}},"23":{"start":{"line":70,"column":2},"end":{"line":72,"column":3}},"24":{"start":{"line":71,"column":4},"end":{"line":71,"column":67}},"25":{"start":{"line":71,"column":31},"end":{"line":71,"column":65}},"26":{"start":{"line":74,"column":42},"end":{"line":74,"column":44}},"27":{"start":{"line":75,"column":2},"end":{"line":77,"column":3}},"28":{"start":{"line":76,"column":4},"end":{"line":76,"column":86}},"29":{"start":{"line":78,"column":2},"end":{"line":78,"column":16}},"30":{"start":{"line":88,"column":2},"end":{"line":88,"column":54}}},"fnMap":{"0":{"name":"isSensitiveKey","decl":{"start":{"line":43,"column":9},"end":{"line":43,"column":23}},"loc":{"start":{"line":43,"column":46},"end":{"line":45,"column":1}},"line":43},"1":{"name":"(anonymous_1)","decl":{"start":{"line":44,"column":29},"end":{"line":44,"column":30}},"loc":{"start":{"line":44,"column":42},"end":{"line":44,"column":59}},"line":44},"2":{"name":"redactString","decl":{"start":{"line":47,"column":9},"end":{"line":47,"column":21}},"loc":{"start":{"line":47,"column":45},"end":{"line":49,"column":1}},"line":47},"3":{"name":"(anonymous_3)","decl":{"start":{"line":48,"column":41},"end":{"line":48,"column":42}},"loc":{"start":{"line":48,"column":59},"end":{"line":48,"column":89}},"line":48},"4":{"name":"redactValue","decl":{"start":{"line":51,"column":9},"end":{"line":51,"column":20}},"loc":{"start":{"line":51,"column":84},"end":{"line":79,"column":1}},"line":51},"5":{"name":"(anonymous_5)","decl":{"start":{"line":71,"column":21},"end":{"line":71,"column":22}},"loc":{"start":{"line":71,"column":31},"end":{"line":71,"column":65}},"line":71},"6":{"name":"redact","decl":{"start":{"line":87,"column":16},"end":{"line":87,"column":22}},"loc":{"start":{"line":87,"column":48},"end":{"line":89,"column":1}},"line":87}},"branchMap":{"0":{"loc":{"start":{"line":52,"column":2},"end":{"line":52,"column":58}},"type":"if","locations":[{"start":{"line":52,"column":2},"end":{"line":52,"column":58}},{"start":{},"end":{}}],"line":52},"1":{"loc":{"start":{"line":52,"column":6},"end":{"line":52,"column":43}},"type":"binary-expr","locations":[{"start":{"line":52,"column":6},"end":{"line":52,"column":20}},{"start":{"line":52,"column":24},"end":{"line":52,"column":43}}],"line":52},"2":{"loc":{"start":{"line":53,"column":2},"end":{"line":53,"column":41}},"type":"if","locations":[{"start":{"line":53,"column":2},"end":{"line":53,"column":41}},{"start":{},"end":{}}],"line":53},"3":{"loc":{"start":{"line":55,"column":2},"end":{"line":55,"column":60}},"type":"if","locations":[{"start":{"line":55,"column":2},"end":{"line":55,"column":60}},{"start":{},"end":{}}],"line":55},"4":{"loc":{"start":{"line":56,"column":2},"end":{"line":56,"column":76}},"type":"if","locations":[{"start":{"line":56,"column":2},"end":{"line":56,"column":76}},{"start":{},"end":{}}],"line":56},"5":{"loc":{"start":{"line":56,"column":6},"end":{"line":56,"column":61}},"type":"binary-expr","locations":[{"start":{"line":56,"column":6},"end":{"line":56,"column":31}},{"start":{"line":56,"column":35},"end":{"line":56,"column":61}}],"line":56},"6":{"loc":{"start":{"line":58,"column":2},"end":{"line":64,"column":3}},"type":"if","locations":[{"start":{"line":58,"column":2},"end":{"line":64,"column":3}},{"start":{},"end":{}}],"line":58},"7":{"loc":{"start":{"line":62,"column":13},"end":{"line":62,"column":78}},"type":"cond-expr","locations":[{"start":{"line":62,"column":41},"end":{"line":62,"column":50}},{"start":{"line":62,"column":53},"end":{"line":62,"column":78}}],"line":62},"8":{"loc":{"start":{"line":66,"column":2},"end":{"line":66,"column":49}},"type":"if","locations":[{"start":{"line":66,"column":2},"end":{"line":66,"column":49}},{"start":{},"end":{}}],"line":66},"9":{"loc":{"start":{"line":67,"column":2},"end":{"line":67,"column":39}},"type":"if","locations":[{"start":{"line":67,"column":2},"end":{"line":67,"column":39}},{"start":{},"end":{}}],"line":67},"10":{"loc":{"start":{"line":70,"column":2},"end":{"line":72,"column":3}},"type":"if","locations":[{"start":{"line":70,"column":2},"end":{"line":72,"column":3}},{"start":{},"end":{}}],"line":70},"11":{"loc":{"start":{"line":76,"column":18},"end":{"line":76,"column":85}},"type":"cond-expr","locations":[{"start":{"line":76,"column":40},"end":{"line":76,"column":48}},{"start":{"line":76,"column":51},"end":{"line":76,"column":85}}],"line":76}},"s":{"0":3,"1":3,"2":3,"3":3,"4":55,"5":865,"6":27,"7":81,"8":80,"9":3,"10":77,"11":1,"12":76,"13":23,"14":53,"15":2,"16":51,"17":2,"18":49,"19":0,"20":49,"21":1,"22":48,"23":48,"24":1,"25":2,"26":47,"27":47,"28":55,"29":47,"30":51},"f":{"0":55,"1":865,"2":27,"3":81,"4":80,"5":2,"6":51},"b":{"0":[3,77],"1":[80,79],"2":[1,76],"3":[23,53],"4":[2,51],"5":[53,52],"6":[2,49],"7":[0,2],"8":[0,49],"9":[1,48],"10":[1,47],"11":[28,27]},"_coverageSchema":"1a1c01bbd47fc00a2c39e90264f33305004495a9","hash":"ce91c0a0481103151705ac24c7e622ce998fca46"}
,"/home/david/control-gastos/sereno/src/infrastructure/observability/console-logger.ts": {"path":"/home/david/control-gastos/sereno/src/infrastructure/observability/console-logger.ts","statementMap":{"0":{"start":{"line":14,"column":2},"end":{"line":31,"column":3}},"1":{"start":{"line":16,"column":6},"end":{"line":18,"column":8}},"2":{"start":{"line":17,"column":8},"end":{"line":17,"column":31}},"3":{"start":{"line":20,"column":6},"end":{"line":22,"column":8}},"4":{"start":{"line":21,"column":8},"end":{"line":21,"column":30}},"5":{"start":{"line":24,"column":6},"end":{"line":26,"column":8}},"6":{"start":{"line":25,"column":8},"end":{"line":25,"column":30}},"7":{"start":{"line":28,"column":6},"end":{"line":30,"column":8}},"8":{"start":{"line":29,"column":8},"end":{"line":29,"column":31}},"9":{"start":{"line":42,"column":16},"end":{"line":45,"column":3}},"10":{"start":{"line":43,"column":24},"end":{"line":43,"column":84}},"11":{"start":{"line":44,"column":4},"end":{"line":44,"column":77}},"12":{"start":{"line":47,"column":2},"end":{"line":53,"column":4}},"13":{"start":{"line":51,"column":6},"end":{"line":51,"column":71}}},"fnMap":{"0":{"name":"writerFor","decl":{"start":{"line":13,"column":9},"end":{"line":13,"column":18}},"loc":{"start":{"line":13,"column":66},"end":{"line":32,"column":1}},"line":13},"1":{"name":"(anonymous_1)","decl":{"start":{"line":16,"column":13},"end":{"line":16,"column":14}},"loc":{"start":{"line":16,"column":26},"end":{"line":18,"column":7}},"line":16},"2":{"name":"(anonymous_2)","decl":{"start":{"line":20,"column":13},"end":{"line":20,"column":14}},"loc":{"start":{"line":20,"column":26},"end":{"line":22,"column":7}},"line":20},"3":{"name":"(anonymous_3)","decl":{"start":{"line":24,"column":13},"end":{"line":24,"column":14}},"loc":{"start":{"line":24,"column":26},"end":{"line":26,"column":7}},"line":24},"4":{"name":"(anonymous_4)","decl":{"start":{"line":28,"column":13},"end":{"line":28,"column":14}},"loc":{"start":{"line":28,"column":26},"end":{"line":30,"column":7}},"line":28},"5":{"name":"createConsoleObservability","decl":{"start":{"line":41,"column":16},"end":{"line":41,"column":42}},"loc":{"start":{"line":41,"column":60},"end":{"line":54,"column":1}},"line":41},"6":{"name":"(anonymous_6)","decl":{"start":{"line":42,"column":16},"end":{"line":42,"column":17}},"loc":{"start":{"line":42,"column":79},"end":{"line":45,"column":3}},"line":42},"7":{"name":"(anonymous_7)","decl":{"start":{"line":49,"column":18},"end":{"line":49,"column":19}},"loc":{"start":{"line":49,"column":38},"end":{"line":52,"column":5}},"line":49}},"branchMap":{"0":{"loc":{"start":{"line":14,"column":2},"end":{"line":31,"column":3}},"type":"switch","locations":[{"start":{"line":15,"column":4},"end":{"line":18,"column":8}},{"start":{"line":19,"column":4},"end":{"line":22,"column":8}},{"start":{"line":23,"column":4},"end":{"line":26,"column":8}},{"start":{"line":27,"column":4},"end":{"line":30,"column":8}}],"line":14},"1":{"loc":{"start":{"line":43,"column":24},"end":{"line":43,"column":84}},"type":"cond-expr","locations":[{"start":{"line":43,"column":48},"end":{"line":43,"column":50}},{"start":{"line":43,"column":53},"end":{"line":43,"column":84}}],"line":43}},"s":{"0":4,"1":0,"2":0,"3":2,"4":2,"5":1,"6":1,"7":1,"8":1,"9":4,"10":4,"11":4,"12":4,"13":1},"f":{"0":4,"1":0,"2":2,"3":1,"4":1,"5":4,"6":4,"7":1},"b":{"0":[0,2,1,1],"1":[2,2]},"_coverageSchema":"1a1c01bbd47fc00a2c39e90264f33305004495a9","hash":"bce09919f109d1c41e4e3b9142df4f00f303a0bc"}
,"/home/david/control-gastos/sereno/src/infrastructure/observability/index.ts": {"path":"/home/david/control-gastos/sereno/src/infrastructure/observability/index.ts","statementMap":{"0":{"start":{"line":10,"column":44},"end":{"line":10,"column":72}}},"fnMap":{},"branchMap":{},"s":{"0":0},"f":{},"b":{}}
,"/home/david/control-gastos/sereno/src/test/arbitraries.ts": {"path":"/home/david/control-gastos/sereno/src/test/arbitraries.ts","statementMap":{"0":{"start":{"line":7,"column":30},"end":{"line":7,"column":69}},"1":{"start":{"line":10,"column":23},"end":{"line":13,"column":38}},"2":{"start":{"line":13,"column":18},"end":{"line":13,"column":37}}},"fnMap":{"0":{"name":"(anonymous_0)","decl":{"start":{"line":13,"column":7},"end":{"line":13,"column":8}},"loc":{"start":{"line":13,"column":18},"end":{"line":13,"column":37}},"line":13}},"branchMap":{},"s":{"0":1,"1":1,"2":200},"f":{"0":200},"b":{},"_coverageSchema":"1a1c01bbd47fc00a2c39e90264f33305004495a9","hash":"1dfbc70a811fce1e5cdb17b54138e1d532a9e651"}
,"/home/david/control-gastos/sereno/src/test/factory.ts": {"path":"/home/david/control-gastos/sereno/src/test/factory.ts","statementMap":{"0":{"start":{"line":18,"column":16},"end":{"line":18,"column":84}},"1":{"start":{"line":18,"column":52},"end":{"line":18,"column":83}},"2":{"start":{"line":20,"column":2},"end":{"line":25,"column":4}},"3":{"start":{"line":23,"column":6},"end":{"line":23,"column":89}},"4":{"start":{"line":23,"column":50},"end":{"line":23,"column":88}},"5":{"start":{"line":24,"column":33},"end":{"line":24,"column":96}},"6":{"start":{"line":24,"column":57},"end":{"line":24,"column":94}}},"fnMap":{"0":{"name":"defineFactory","decl":{"start":{"line":17,"column":16},"end":{"line":17,"column":29}},"loc":{"start":{"line":17,"column":79},"end":{"line":26,"column":1}},"line":17},"1":{"name":"(anonymous_1)","decl":{"start":{"line":18,"column":16},"end":{"line":18,"column":17}},"loc":{"start":{"line":18,"column":52},"end":{"line":18,"column":83}},"line":18},"2":{"name":"(anonymous_2)","decl":{"start":{"line":22,"column":15},"end":{"line":22,"column":16}},"loc":{"start":{"line":23,"column":6},"end":{"line":23,"column":89}},"line":23},"3":{"name":"(anonymous_3)","decl":{"start":{"line":23,"column":36},"end":{"line":23,"column":37}},"loc":{"start":{"line":23,"column":50},"end":{"line":23,"column":88}},"line":23},"4":{"name":"(anonymous_4)","decl":{"start":{"line":24,"column":12},"end":{"line":24,"column":13}},"loc":{"start":{"line":24,"column":33},"end":{"line":24,"column":96}},"line":24},"5":{"name":"(anonymous_5)","decl":{"start":{"line":24,"column":50},"end":{"line":24,"column":51}},"loc":{"start":{"line":24,"column":57},"end":{"line":24,"column":94}},"line":24}},"branchMap":{"0":{"loc":{"start":{"line":18,"column":17},"end":{"line":18,"column":43}},"type":"default-arg","locations":[{"start":{"line":18,"column":41},"end":{"line":18,"column":43}}],"line":18},"1":{"loc":{"start":{"line":23,"column":56},"end":{"line":23,"column":87}},"type":"cond-expr","locations":[{"start":{"line":23,"column":67},"end":{"line":23,"column":82}},{"start":{"line":23,"column":85},"end":{"line":23,"column":87}}],"line":23}},"s":{"0":3,"1":13,"2":3,"3":2,"4":6,"5":2,"6":2},"f":{"0":3,"1":13,"2":2,"3":6,"4":2,"5":2},"b":{"0":[5],"1":[3,3]},"_coverageSchema":"1a1c01bbd47fc00a2c39e90264f33305004495a9","hash":"c06e5b81dbe8191e1ec1d084dde021bacaf6be09"}
,"/home/david/control-gastos/sereno/src/ui/error-boundary.tsx": {"path":"/home/david/control-gastos/sereno/src/ui/error-boundary.tsx","statementMap":{"0":{"start":{"line":27,"column":17},"end":{"line":27,"column":36}},"1":{"start":{"line":30,"column":4},"end":{"line":30,"column":30}},"2":{"start":{"line":34,"column":4},"end":{"line":34,"column":61}},"3":{"start":{"line":38,"column":4},"end":{"line":47,"column":5}},"4":{"start":{"line":39,"column":6},"end":{"line":46,"column":8}},"5":{"start":{"line":48,"column":4},"end":{"line":48,"column":31}},"6":{"start":{"line":52,"column":15},"end":{"line":56,"column":2}}},"fnMap":{"0":{"name":"(anonymous_0)","decl":{"start":{"line":29,"column":2},"end":{"line":29,"column":3}},"loc":{"start":{"line":29,"column":43},"end":{"line":31,"column":3}},"line":29},"1":{"name":"(anonymous_1)","decl":{"start":{"line":33,"column":2},"end":{"line":33,"column":3}},"loc":{"start":{"line":33,"column":57},"end":{"line":35,"column":3}},"line":33},"2":{"name":"(anonymous_2)","decl":{"start":{"line":37,"column":2},"end":{"line":37,"column":3}},"loc":{"start":{"line":37,"column":22},"end":{"line":49,"column":3}},"line":37}},"branchMap":{"0":{"loc":{"start":{"line":34,"column":32},"end":{"line":34,"column":59}},"type":"binary-expr","locations":[{"start":{"line":34,"column":32},"end":{"line":34,"column":51}},{"start":{"line":34,"column":55},"end":{"line":34,"column":59}}],"line":34},"1":{"loc":{"start":{"line":38,"column":4},"end":{"line":47,"column":5}},"type":"if","locations":[{"start":{"line":38,"column":4},"end":{"line":47,"column":5}},{"start":{},"end":{}}],"line":38}},"s":{"0":9,"1":8,"2":4,"3":17,"4":8,"5":9,"6":1},"f":{"0":8,"1":4,"2":17},"b":{"0":[1,0],"1":[8,9]},"_coverageSchema":"1a1c01bbd47fc00a2c39e90264f33305004495a9","hash":"55619e893629f494f18f25947586fcda6de117c0"}
,"/home/david/control-gastos/sereno/src/ui/hooks/use-color-scheme.ts": {"path":"/home/david/control-gastos/sereno/src/ui/hooks/use-color-scheme.ts","statementMap":{},"fnMap":{},"branchMap":{},"s":{},"f":{},"b":{}}
}
