{"/home/david/control-gastos/sereno/src/test/arbitraries.ts": {"path":"/home/david/control-gastos/sereno/src/test/arbitraries.ts","statementMap":{"0":{"start":{"line":7,"column":30},"end":{"line":7,"column":69}},"1":{"start":{"line":10,"column":23},"end":{"line":13,"column":38}},"2":{"start":{"line":13,"column":18},"end":{"line":13,"column":37}}},"fnMap":{"0":{"name":"(anonymous_0)","decl":{"start":{"line":13,"column":7},"end":{"line":13,"column":8}},"loc":{"start":{"line":13,"column":18},"end":{"line":13,"column":37}},"line":13}},"branchMap":{},"s":{"0":1,"1":1,"2":200},"f":{"0":200},"b":{},"_coverageSchema":"1a1c01bbd47fc00a2c39e90264f33305004495a9","hash":"1dfbc70a811fce1e5cdb17b54138e1d532a9e651"}
,"/home/david/control-gastos/sereno/src/test/factory.ts": {"path":"/home/david/control-gastos/sereno/src/test/factory.ts","statementMap":{"0":{"start":{"line":18,"column":16},"end":{"line":18,"column":84}},"1":{"start":{"line":18,"column":52},"end":{"line":18,"column":83}},"2":{"start":{"line":20,"column":2},"end":{"line":25,"column":4}},"3":{"start":{"line":23,"column":6},"end":{"line":23,"column":89}},"4":{"start":{"line":23,"column":50},"end":{"line":23,"column":88}},"5":{"start":{"line":24,"column":33},"end":{"line":24,"column":96}},"6":{"start":{"line":24,"column":57},"end":{"line":24,"column":94}}},"fnMap":{"0":{"name":"defineFactory","decl":{"start":{"line":17,"column":16},"end":{"line":17,"column":29}},"loc":{"start":{"line":17,"column":79},"end":{"line":26,"column":1}},"line":17},"1":{"name":"(anonymous_1)","decl":{"start":{"line":18,"column":16},"end":{"line":18,"column":17}},"loc":{"start":{"line":18,"column":52},"end":{"line":18,"column":83}},"line":18},"2":{"name":"(anonymous_2)","decl":{"start":{"line":22,"column":15},"end":{"line":22,"column":16}},"loc":{"start":{"line":23,"column":6},"end":{"line":23,"column":89}},"line":23},"3":{"name":"(anonymous_3)","decl":{"start":{"line":23,"column":36},"end":{"line":23,"column":37}},"loc":{"start":{"line":23,"column":50},"end":{"line":23,"column":88}},"line":23},"4":{"name":"(anonymous_4)","decl":{"start":{"line":24,"column":12},"end":{"line":24,"column":13}},"loc":{"start":{"line":24,"column":33},"end":{"line":24,"column":96}},"line":24},"5":{"name":"(anonymous_5)","decl":{"start":{"line":24,"column":50},"end":{"line":24,"column":51}},"loc":{"start":{"line":24,"column":57},"end":{"line":24,"column":94}},"line":24}},"branchMap":{"0":{"loc":{"start":{"line":18,"column":17},"end":{"line":18,"column":43}},"type":"default-arg","locations":[{"start":{"line":18,"column":41},"end":{"line":18,"column":43}}],"line":18},"1":{"loc":{"start":{"line":23,"column":56},"end":{"line":23,"column":87}},"type":"cond-expr","locations":[{"start":{"line":23,"column":67},"end":{"line":23,"column":82}},{"start":{"line":23,"column":85},"end":{"line":23,"column":87}}],"line":23}},"s":{"0":3,"1":13,"2":3,"3":2,"4":6,"5":2,"6":2},"f":{"0":3,"1":13,"2":2,"3":6,"4":2,"5":2},"b":{"0":[5],"1":[3,3]},"_coverageSchema":"1a1c01bbd47fc00a2c39e90264f33305004495a9","hash":"c06e5b81dbe8191e1ec1d084dde021bacaf6be09"}
}
