TN:
SF:src/domain/observability/port.ts
FN:30,createMemoryObservability
FN:33,(anonymous_1)
FN:44,(anonymous_2)
FNF:3
FNH:3
FNDA:6,createMemoryObservability
FNDA:7,(anonymous_1)
FNDA:2,(anonymous_2)
DA:31,6
DA:33,6
DA:34,7
DA:41,6
DA:45,2
LF:5
LH:5
BRDA:37,0,0,5
BRDA:37,0,1,2
BRF:2
BRH:2
end_of_record
TN:
SF:src/domain/observability/redact.ts
FN:43,isSensitiveKey
FN:44,(anonymous_1)
FN:47,redactString
FN:48,(anonymous_3)
FN:51,redactValue
FN:71,(anonymous_5)
FN:87,redact
FNF:7
FNH:7
FNDA:55,isSensitiveKey
FNDA:865,(anonymous_1)
FNDA:27,redactString
FNDA:81,(anonymous_3)
FNDA:80,redactValue
FNDA:2,(anonymous_5)
FNDA:51,redact
DA:1,3
DA:3,3
DA:11,3
DA:37,3
DA:44,865
DA:48,81
DA:52,80
DA:53,77
DA:55,76
DA:56,53
DA:58,51
DA:59,2
DA:66,49
DA:67,49
DA:68,48
DA:70,48
DA:71,2
DA:74,47
DA:75,47
DA:76,55
DA:78,47
DA:88,51
LF:22
LH:22
BRDA:52,0,0,3
BRDA:52,0,1,77
BRDA:52,1,0,80
BRDA:52,1,1,79
BRDA:53,2,0,1
BRDA:53,2,1,76
BRDA:55,3,0,23
BRDA:55,3,1,53
BRDA:56,4,0,2
BRDA:56,4,1,51
BRDA:56,5,0,53
BRDA:56,5,1,52
BRDA:58,6,0,2
BRDA:58,6,1,49
BRDA:62,7,0,0
BRDA:62,7,1,2
BRDA:66,8,0,0
BRDA:66,8,1,49
BRDA:67,9,0,1
BRDA:67,9,1,48
BRDA:70,10,0,1
BRDA:70,10,1,47
BRDA:76,11,0,28
BRDA:76,11,1,27
BRF:24
BRH:22
end_of_record
TN:
SF:src/infrastructure/observability/console-logger.ts
FN:13,writerFor
FN:16,(anonymous_1)
FN:20,(anonymous_2)
FN:24,(anonymous_3)
FN:28,(anonymous_4)
FN:41,createConsoleObservability
FN:42,(anonymous_6)
FN:49,(anonymous_7)
FNF:8
FNH:7
FNDA:4,writerFor
FNDA:0,(anonymous_1)
FNDA:2,(anonymous_2)
FNDA:1,(anonymous_3)
FNDA:1,(anonymous_4)
FNDA:4,createConsoleObservability
FNDA:4,(anonymous_6)
FNDA:1,(anonymous_7)
DA:14,4
DA:16,0
DA:17,0
DA:20,2
DA:21,2
DA:24,1
DA:25,1
DA:28,1
DA:29,1
DA:42,4
DA:43,4
DA:44,4
DA:47,4
DA:51,1
LF:14
LH:12
BRDA:14,0,0,0
BRDA:14,0,1,2
BRDA:14,0,2,1
BRDA:14,0,3,1
BRDA:43,1,0,2
BRDA:43,1,1,2
BRF:6
BRH:5
end_of_record
TN:
SF:src/test/arbitraries.ts
FN:13,(anonymous_0)
FNF:1
FNH:1
FNDA:169,(anonymous_0)
DA:7,1
DA:10,1
DA:13,169
LF:3
LH:3
BRF:0
BRH:0
end_of_record
TN:
SF:src/test/factory.ts
FN:17,defineFactory
FN:18,(anonymous_1)
FN:22,(anonymous_2)
FN:23,(anonymous_3)
FN:24,(anonymous_4)
FN:24,(anonymous_5)
FNF:6
FNH:6
FNDA:3,defineFactory
FNDA:13,(anonymous_1)
FNDA:2,(anonymous_2)
FNDA:6,(anonymous_3)
FNDA:2,(anonymous_4)
FNDA:2,(anonymous_5)
DA:18,13
DA:20,3
DA:23,6
DA:24,2
LF:4
LH:4
BRDA:18,0,0,5
BRDA:23,1,0,3
BRDA:23,1,1,3
BRF:3
BRH:3
end_of_record
TN:
SF:src/ui/error-boundary.tsx
FN:29,(anonymous_0)
FN:33,(anonymous_1)
FN:37,(anonymous_2)
FNF:3
FNH:3
FNDA:8,(anonymous_0)
FNDA:4,(anonymous_1)
FNDA:17,(anonymous_2)
DA:27,9
DA:30,8
DA:34,4
DA:38,17
DA:39,8
DA:48,9
DA:52,1
LF:7
LH:7
BRDA:34,0,0,1
BRDA:34,0,1,0
BRDA:38,1,0,8
BRDA:38,1,1,9
BRF:4
BRH:3
end_of_record
