TN:
SF:src/test/arbitraries.ts
FN:13,(anonymous_0)
FNF:1
FNH:1
FNDA:200,(anonymous_0)
DA:7,1
DA:10,1
DA:13,200
LF:3
LH:3
BRF:0
BRH:0
end_of_record
TN:
SF:src/test/factory.ts
FN:17,defineFactory
FN:18,(anonymous_1)
FN:22,(anonymous_2)
FN:23,(anonymous_3)
FN:24,(anonymous_4)
FN:24,(anonymous_5)
FNF:6
FNH:6
FNDA:3,defineFactory
FNDA:13,(anonymous_1)
FNDA:2,(anonymous_2)
FNDA:6,(anonymous_3)
FNDA:2,(anonymous_4)
FNDA:2,(anonymous_5)
DA:18,13
DA:20,3
DA:23,6
DA:24,2
LF:4
LH:4
BRDA:18,0,0,5
BRDA:23,1,0,3
BRDA:23,1,1,3
BRF:3
BRH:3
end_of_record
